mode: atomic
github.com/dojima-foundation/tee-auth/gauth/internal/db/postgres.go:21.69,27.35 3 0
github.com/dojima-foundation/tee-auth/gauth/internal/db/postgres.go:27.35,29.3 1 0
github.com/dojima-foundation/tee-auth/gauth/internal/db/postgres.go:29.8,31.3 1 0
github.com/dojima-foundation/tee-auth/gauth/internal/db/postgres.go:33.2,35.29 1 0
github.com/dojima-foundation/tee-auth/gauth/internal/db/postgres.go:35.29,37.4 1 0
github.com/dojima-foundation/tee-auth/gauth/internal/db/postgres.go:39.2,39.16 1 0
github.com/dojima-foundation/tee-auth/gauth/internal/db/postgres.go:39.16,41.3 1 0
github.com/dojima-foundation/tee-auth/gauth/internal/db/postgres.go:44.2,45.16 2 0
github.com/dojima-foundation/tee-auth/gauth/internal/db/postgres.go:45.16,47.3 1 0
github.com/dojima-foundation/tee-auth/gauth/internal/db/postgres.go:50.2,58.47 6 0
github.com/dojima-foundation/tee-auth/gauth/internal/db/postgres.go:58.47,60.3 1 0
github.com/dojima-foundation/tee-auth/gauth/internal/db/postgres.go:62.2,65.8 1 0
github.com/dojima-foundation/tee-auth/gauth/internal/db/postgres.go:69.39,71.2 1 0
github.com/dojima-foundation/tee-auth/gauth/internal/db/postgres.go:74.36,76.16 2 0
github.com/dojima-foundation/tee-auth/gauth/internal/db/postgres.go:76.16,78.3 1 0
github.com/dojima-foundation/tee-auth/gauth/internal/db/postgres.go:79.2,79.22 1 0
github.com/dojima-foundation/tee-auth/gauth/internal/db/postgres.go:83.56,85.16 2 0
github.com/dojima-foundation/tee-auth/gauth/internal/db/postgres.go:85.16,87.3 1 0
github.com/dojima-foundation/tee-auth/gauth/internal/db/postgres.go:88.2,88.31 1 0
github.com/dojima-foundation/tee-auth/gauth/internal/db/postgres.go:92.56,94.16 2 0
github.com/dojima-foundation/tee-auth/gauth/internal/db/postgres.go:94.16,98.3 1 0
github.com/dojima-foundation/tee-auth/gauth/internal/db/postgres.go:100.2,111.3 2 0
github.com/dojima-foundation/tee-auth/gauth/internal/db/postgres.go:115.65,117.2 1 0
github.com/dojima-foundation/tee-auth/gauth/internal/db/postgres.go:120.60,122.2 1 0
github.com/dojima-foundation/tee-auth/gauth/internal/db/postgres.go:125.38,129.2 1 0
github.com/dojima-foundation/tee-auth/gauth/internal/db/redis.go:19.68,35.47 4 0
github.com/dojima-foundation/tee-auth/gauth/internal/db/redis.go:35.47,37.3 1 0
github.com/dojima-foundation/tee-auth/gauth/internal/db/redis.go:39.2,42.8 1 0
github.com/dojima-foundation/tee-auth/gauth/internal/db/redis.go:46.49,48.2 1 0
github.com/dojima-foundation/tee-auth/gauth/internal/db/redis.go:51.37,53.2 1 0
github.com/dojima-foundation/tee-auth/gauth/internal/db/redis.go:56.57,58.2 1 0
github.com/dojima-foundation/tee-auth/gauth/internal/db/redis.go:61.57,71.2 2 0
github.com/dojima-foundation/tee-auth/gauth/internal/db/redis.go:76.123,78.2 1 0
github.com/dojima-foundation/tee-auth/gauth/internal/db/redis.go:81.89,83.2 1 0
github.com/dojima-foundation/tee-auth/gauth/internal/db/redis.go:86.82,88.2 1 0
github.com/dojima-foundation/tee-auth/gauth/internal/db/redis.go:91.108,93.2 1 0
github.com/dojima-foundation/tee-auth/gauth/internal/db/redis.go:98.111,100.2 1 0
github.com/dojima-foundation/tee-auth/gauth/internal/db/redis.go:103.76,105.2 1 0
github.com/dojima-foundation/tee-auth/gauth/internal/db/redis.go:108.69,110.2 1 0
github.com/dojima-foundation/tee-auth/gauth/internal/db/redis.go:113.77,116.2 2 0
github.com/dojima-foundation/tee-auth/gauth/internal/db/redis.go:119.121,121.2 1 0
github.com/dojima-foundation/tee-auth/gauth/internal/db/redis.go:126.114,131.16 5 0
github.com/dojima-foundation/tee-auth/gauth/internal/db/redis.go:131.16,133.3 1 0
github.com/dojima-foundation/tee-auth/gauth/internal/db/redis.go:134.2,134.24 1 0
github.com/dojima-foundation/tee-auth/gauth/internal/db/redis.go:138.82,140.22 2 0
github.com/dojima-foundation/tee-auth/gauth/internal/db/redis.go:140.22,142.3 1 0
github.com/dojima-foundation/tee-auth/gauth/internal/db/redis.go:143.2,143.20 1 0
github.com/dojima-foundation/tee-auth/gauth/internal/db/redis.go:149.112,151.2 1 0
github.com/dojima-foundation/tee-auth/gauth/internal/db/redis.go:154.78,156.2 1 0
github.com/dojima-foundation/tee-auth/gauth/internal/db/redis.go:159.103,161.2 1 0
github.com/dojima-foundation/tee-auth/gauth/internal/db/redis.go:166.91,168.2 1 0
github.com/dojima-foundation/tee-auth/gauth/internal/db/redis.go:171.77,173.2 1 0
github.com/dojima-foundation/tee-auth/gauth/internal/db/redis.go:176.107,178.2 1 0
github.com/dojima-foundation/tee-auth/gauth/internal/db/redis.go:181.76,183.2 1 0
github.com/dojima-foundation/tee-auth/gauth/internal/db/redis.go:188.90,190.2 1 0
github.com/dojima-foundation/tee-auth/gauth/internal/db/redis.go:193.84,195.2 1 0
github.com/dojima-foundation/tee-auth/gauth/internal/db/redis.go:198.91,200.2 1 0
github.com/dojima-foundation/tee-auth/gauth/internal/db/redis.go:203.85,205.2 1 0
github.com/dojima-foundation/tee-auth/gauth/internal/db/redis.go:210.95,212.2 1 0
github.com/dojima-foundation/tee-auth/gauth/internal/db/redis.go:215.88,217.2 1 0
github.com/dojima-foundation/tee-auth/gauth/internal/db/redis.go:220.89,222.2 1 0
github.com/dojima-foundation/tee-auth/gauth/internal/grpc/converters.go:10.76,11.16 1 0
github.com/dojima-foundation/tee-auth/gauth/internal/grpc/converters.go:11.16,13.3 1 0
github.com/dojima-foundation/tee-auth/gauth/internal/grpc/converters.go:16.2,17.33 2 0
github.com/dojima-foundation/tee-auth/gauth/internal/grpc/converters.go:17.33,19.3 1 0
github.com/dojima-foundation/tee-auth/gauth/internal/grpc/converters.go:22.2,23.38 2 0
github.com/dojima-foundation/tee-auth/gauth/internal/grpc/converters.go:23.38,25.3 1 0
github.com/dojima-foundation/tee-auth/gauth/internal/grpc/converters.go:28.2,29.38 2 0
github.com/dojima-foundation/tee-auth/gauth/internal/grpc/converters.go:29.38,31.3 1 0
github.com/dojima-foundation/tee-auth/gauth/internal/grpc/converters.go:34.2,35.31 2 0
github.com/dojima-foundation/tee-auth/gauth/internal/grpc/converters.go:35.31,37.3 1 0
github.com/dojima-foundation/tee-auth/gauth/internal/grpc/converters.go:40.2,41.37 2 0
github.com/dojima-foundation/tee-auth/gauth/internal/grpc/converters.go:41.37,43.3 1 0
github.com/dojima-foundation/tee-auth/gauth/internal/grpc/converters.go:46.2,47.37 2 0
github.com/dojima-foundation/tee-auth/gauth/internal/grpc/converters.go:47.37,49.3 1 0
github.com/dojima-foundation/tee-auth/gauth/internal/grpc/converters.go:51.2,64.3 1 0
github.com/dojima-foundation/tee-auth/gauth/internal/grpc/converters.go:68.53,69.17 1 0
github.com/dojima-foundation/tee-auth/gauth/internal/grpc/converters.go:69.17,71.3 1 0
github.com/dojima-foundation/tee-auth/gauth/internal/grpc/converters.go:74.2,75.38 2 0
github.com/dojima-foundation/tee-auth/gauth/internal/grpc/converters.go:75.38,77.3 1 0
github.com/dojima-foundation/tee-auth/gauth/internal/grpc/converters.go:79.2,90.3 1 0
github.com/dojima-foundation/tee-auth/gauth/internal/grpc/converters.go:94.69,95.15 1 0
github.com/dojima-foundation/tee-auth/gauth/internal/grpc/converters.go:95.15,97.3 1 0
github.com/dojima-foundation/tee-auth/gauth/internal/grpc/converters.go:99.2,108.3 1 0
github.com/dojima-foundation/tee-auth/gauth/internal/grpc/converters.go:112.61,113.19 1 0
github.com/dojima-foundation/tee-auth/gauth/internal/grpc/converters.go:113.19,115.3 1 0
github.com/dojima-foundation/tee-auth/gauth/internal/grpc/converters.go:117.2,118.36 2 0
github.com/dojima-foundation/tee-auth/gauth/internal/grpc/converters.go:118.36,120.3 1 0
github.com/dojima-foundation/tee-auth/gauth/internal/grpc/converters.go:122.2,125.3 1 0
github.com/dojima-foundation/tee-auth/gauth/internal/grpc/converters.go:129.70,130.16 1 0
github.com/dojima-foundation/tee-auth/gauth/internal/grpc/converters.go:130.16,132.3 1 0
github.com/dojima-foundation/tee-auth/gauth/internal/grpc/converters.go:134.2,144.27 2 0
github.com/dojima-foundation/tee-auth/gauth/internal/grpc/converters.go:144.27,146.3 1 0
github.com/dojima-foundation/tee-auth/gauth/internal/grpc/converters.go:148.2,148.19 1 0
github.com/dojima-foundation/tee-auth/gauth/internal/grpc/converters.go:152.61,153.19 1 0
github.com/dojima-foundation/tee-auth/gauth/internal/grpc/converters.go:153.19,155.3 1 0
github.com/dojima-foundation/tee-auth/gauth/internal/grpc/converters.go:157.2,166.3 1 0
github.com/dojima-foundation/tee-auth/gauth/internal/grpc/converters.go:170.49,171.16 1 0
github.com/dojima-foundation/tee-auth/gauth/internal/grpc/converters.go:171.16,173.3 1 0
github.com/dojima-foundation/tee-auth/gauth/internal/grpc/converters.go:175.2,182.3 1 0
github.com/dojima-foundation/tee-auth/gauth/internal/grpc/converters.go:186.69,187.15 1 0
github.com/dojima-foundation/tee-auth/gauth/internal/grpc/converters.go:187.15,189.3 1 0
github.com/dojima-foundation/tee-auth/gauth/internal/grpc/converters.go:191.2,201.3 1 0
github.com/dojima-foundation/tee-auth/gauth/internal/grpc/converters.go:205.61,206.19 1 0
github.com/dojima-foundation/tee-auth/gauth/internal/grpc/converters.go:206.19,208.3 1 0
github.com/dojima-foundation/tee-auth/gauth/internal/grpc/converters.go:211.2,212.42 2 0
github.com/dojima-foundation/tee-auth/gauth/internal/grpc/converters.go:212.42,214.3 1 0
github.com/dojima-foundation/tee-auth/gauth/internal/grpc/converters.go:216.2,226.3 1 0
github.com/dojima-foundation/tee-auth/gauth/internal/grpc/converters.go:230.83,231.20 1 0
github.com/dojima-foundation/tee-auth/gauth/internal/grpc/converters.go:231.20,233.3 1 0
github.com/dojima-foundation/tee-auth/gauth/internal/grpc/converters.go:235.2,247.3 1 0
github.com/dojima-foundation/tee-auth/gauth/internal/grpc/converters.go:251.69,252.21 1 0
github.com/dojima-foundation/tee-auth/gauth/internal/grpc/converters.go:252.21,254.3 1 0
github.com/dojima-foundation/tee-auth/gauth/internal/grpc/converters.go:256.2,267.3 1 0
github.com/dojima-foundation/tee-auth/gauth/internal/grpc/converters.go:271.85,272.19 1 0
github.com/dojima-foundation/tee-auth/gauth/internal/grpc/converters.go:272.19,274.3 1 0
github.com/dojima-foundation/tee-auth/gauth/internal/grpc/converters.go:276.2,279.3 1 0
github.com/dojima-foundation/tee-auth/gauth/internal/grpc/server.go:33.94,39.2 1 0
github.com/dojima-foundation/tee-auth/gauth/internal/grpc/server.go:42.32,46.16 3 0
github.com/dojima-foundation/tee-auth/gauth/internal/grpc/server.go:46.16,48.3 1 0
github.com/dojima-foundation/tee-auth/gauth/internal/grpc/server.go:51.2,77.49 6 0
github.com/dojima-foundation/tee-auth/gauth/internal/grpc/server.go:77.49,79.3 1 0
github.com/dojima-foundation/tee-auth/gauth/internal/grpc/server.go:81.2,81.12 1 0
github.com/dojima-foundation/tee-auth/gauth/internal/grpc/server.go:85.25,86.21 1 0
github.com/dojima-foundation/tee-auth/gauth/internal/grpc/server.go:86.21,89.3 2 0
github.com/dojima-foundation/tee-auth/gauth/internal/grpc/server.go:98.24,113.2 5 0
github.com/dojima-foundation/tee-auth/gauth/internal/grpc/server.go:117.133,119.16 2 0
github.com/dojima-foundation/tee-auth/gauth/internal/grpc/server.go:119.16,122.3 2 0
github.com/dojima-foundation/tee-auth/gauth/internal/grpc/server.go:124.2,127.8 1 0
github.com/dojima-foundation/tee-auth/gauth/internal/grpc/server.go:130.124,132.16 2 0
github.com/dojima-foundation/tee-auth/gauth/internal/grpc/server.go:132.16,135.3 2 0
github.com/dojima-foundation/tee-auth/gauth/internal/grpc/server.go:137.2,139.8 1 0
github.com/dojima-foundation/tee-auth/gauth/internal/grpc/server.go:142.133,144.16 2 0
github.com/dojima-foundation/tee-auth/gauth/internal/grpc/server.go:144.16,147.3 2 0
github.com/dojima-foundation/tee-auth/gauth/internal/grpc/server.go:149.2,151.8 1 0
github.com/dojima-foundation/tee-auth/gauth/internal/grpc/server.go:154.130,156.16 2 0
github.com/dojima-foundation/tee-auth/gauth/internal/grpc/server.go:156.16,159.3 2 0
github.com/dojima-foundation/tee-auth/gauth/internal/grpc/server.go:161.2,162.27 2 0
github.com/dojima-foundation/tee-auth/gauth/internal/grpc/server.go:162.27,164.3 1 0
github.com/dojima-foundation/tee-auth/gauth/internal/grpc/server.go:166.2,169.8 1 0
github.com/dojima-foundation/tee-auth/gauth/internal/grpc/server.go:174.109,176.16 2 0
github.com/dojima-foundation/tee-auth/gauth/internal/grpc/server.go:176.16,179.3 2 0
github.com/dojima-foundation/tee-auth/gauth/internal/grpc/server.go:181.2,183.8 1 0
github.com/dojima-foundation/tee-auth/gauth/internal/grpc/server.go:186.100,188.16 2 0
github.com/dojima-foundation/tee-auth/gauth/internal/grpc/server.go:188.16,191.3 2 0
github.com/dojima-foundation/tee-auth/gauth/internal/grpc/server.go:193.2,195.8 1 0
github.com/dojima-foundation/tee-auth/gauth/internal/grpc/server.go:198.109,200.16 2 0
github.com/dojima-foundation/tee-auth/gauth/internal/grpc/server.go:200.16,203.3 2 0
github.com/dojima-foundation/tee-auth/gauth/internal/grpc/server.go:205.2,207.8 1 0
github.com/dojima-foundation/tee-auth/gauth/internal/grpc/server.go:210.106,212.16 2 0
github.com/dojima-foundation/tee-auth/gauth/internal/grpc/server.go:212.16,215.3 2 0
github.com/dojima-foundation/tee-auth/gauth/internal/grpc/server.go:217.2,218.29 2 0
github.com/dojima-foundation/tee-auth/gauth/internal/grpc/server.go:218.29,220.3 1 0
github.com/dojima-foundation/tee-auth/gauth/internal/grpc/server.go:222.2,225.8 1 0
github.com/dojima-foundation/tee-auth/gauth/internal/grpc/server.go:230.121,232.16 2 0
github.com/dojima-foundation/tee-auth/gauth/internal/grpc/server.go:232.16,235.3 2 0
github.com/dojima-foundation/tee-auth/gauth/internal/grpc/server.go:237.2,239.8 1 0
github.com/dojima-foundation/tee-auth/gauth/internal/grpc/server.go:242.112,244.16 2 0
github.com/dojima-foundation/tee-auth/gauth/internal/grpc/server.go:244.16,247.3 2 0
github.com/dojima-foundation/tee-auth/gauth/internal/grpc/server.go:249.2,251.8 1 0
github.com/dojima-foundation/tee-auth/gauth/internal/grpc/server.go:254.121,256.16 2 0
github.com/dojima-foundation/tee-auth/gauth/internal/grpc/server.go:256.16,259.3 2 0
github.com/dojima-foundation/tee-auth/gauth/internal/grpc/server.go:261.2,262.38 2 0
github.com/dojima-foundation/tee-auth/gauth/internal/grpc/server.go:262.38,264.3 1 0
github.com/dojima-foundation/tee-auth/gauth/internal/grpc/server.go:266.2,269.8 1 0
github.com/dojima-foundation/tee-auth/gauth/internal/grpc/server.go:274.128,276.16 2 0
github.com/dojima-foundation/tee-auth/gauth/internal/grpc/server.go:276.16,279.3 2 0
github.com/dojima-foundation/tee-auth/gauth/internal/grpc/server.go:281.2,287.8 1 0
github.com/dojima-foundation/tee-auth/gauth/internal/grpc/server.go:290.119,292.16 2 0
github.com/dojima-foundation/tee-auth/gauth/internal/grpc/server.go:292.16,295.3 2 0
github.com/dojima-foundation/tee-auth/gauth/internal/grpc/server.go:297.2,302.8 1 0
github.com/dojima-foundation/tee-auth/gauth/internal/grpc/server.go:305.107,307.16 2 0
github.com/dojima-foundation/tee-auth/gauth/internal/grpc/server.go:307.16,310.3 2 0
github.com/dojima-foundation/tee-auth/gauth/internal/grpc/server.go:312.2,317.8 1 0
github.com/dojima-foundation/tee-auth/gauth/internal/grpc/server.go:322.115,324.16 2 0
github.com/dojima-foundation/tee-auth/gauth/internal/grpc/server.go:324.16,327.3 2 0
github.com/dojima-foundation/tee-auth/gauth/internal/grpc/server.go:329.2,334.8 1 0
github.com/dojima-foundation/tee-auth/gauth/internal/grpc/server.go:337.106,339.16 2 0
github.com/dojima-foundation/tee-auth/gauth/internal/grpc/server.go:339.16,342.3 2 0
github.com/dojima-foundation/tee-auth/gauth/internal/grpc/server.go:344.2,348.8 1 0
github.com/dojima-foundation/tee-auth/gauth/internal/grpc/server.go:353.94,355.16 2 0
github.com/dojima-foundation/tee-auth/gauth/internal/grpc/server.go:355.16,358.3 2 0
github.com/dojima-foundation/tee-auth/gauth/internal/grpc/server.go:360.2,361.38 2 0
github.com/dojima-foundation/tee-auth/gauth/internal/grpc/server.go:361.38,367.3 1 0
github.com/dojima-foundation/tee-auth/gauth/internal/grpc/server.go:369.2,373.8 1 0
github.com/dojima-foundation/tee-auth/gauth/internal/grpc/server.go:376.94,378.16 2 0
github.com/dojima-foundation/tee-auth/gauth/internal/grpc/server.go:378.16,381.3 2 0
github.com/dojima-foundation/tee-auth/gauth/internal/grpc/server.go:383.2,389.8 1 0
github.com/dojima-foundation/tee-auth/gauth/pkg/logger/logger.go:19.54,21.19 2 0
github.com/dojima-foundation/tee-auth/gauth/pkg/logger/logger.go:22.15,23.26 1 0
github.com/dojima-foundation/tee-auth/gauth/pkg/logger/logger.go:24.14,25.25 1 0
github.com/dojima-foundation/tee-auth/gauth/pkg/logger/logger.go:26.25,27.25 1 0
github.com/dojima-foundation/tee-auth/gauth/pkg/logger/logger.go:28.15,29.26 1 0
github.com/dojima-foundation/tee-auth/gauth/pkg/logger/logger.go:30.10,31.25 1 0
github.com/dojima-foundation/tee-auth/gauth/pkg/logger/logger.go:34.2,35.20 2 0
github.com/dojima-foundation/tee-auth/gauth/pkg/logger/logger.go:36.16,37.21 1 0
github.com/dojima-foundation/tee-auth/gauth/pkg/logger/logger.go:38.16,39.21 1 0
github.com/dojima-foundation/tee-auth/gauth/pkg/logger/logger.go:40.14,41.25 1 0
github.com/dojima-foundation/tee-auth/gauth/pkg/logger/logger.go:41.25,43.4 1 0
github.com/dojima-foundation/tee-auth/gauth/pkg/logger/logger.go:44.3,45.17 2 0
github.com/dojima-foundation/tee-auth/gauth/pkg/logger/logger.go:45.17,47.4 1 0
github.com/dojima-foundation/tee-auth/gauth/pkg/logger/logger.go:48.3,48.16 1 0
github.com/dojima-foundation/tee-auth/gauth/pkg/logger/logger.go:49.10,50.21 1 0
github.com/dojima-foundation/tee-auth/gauth/pkg/logger/logger.go:53.2,57.61 2 0
github.com/dojima-foundation/tee-auth/gauth/pkg/logger/logger.go:57.61,59.29 1 0
github.com/dojima-foundation/tee-auth/gauth/pkg/logger/logger.go:59.29,61.5 1 0
github.com/dojima-foundation/tee-auth/gauth/pkg/logger/logger.go:62.4,62.12 1 0
github.com/dojima-foundation/tee-auth/gauth/pkg/logger/logger.go:66.2,66.20 1 0
github.com/dojima-foundation/tee-auth/gauth/pkg/logger/logger.go:67.14,68.46 1 0
github.com/dojima-foundation/tee-auth/gauth/pkg/logger/logger.go:69.14,70.46 1 0
github.com/dojima-foundation/tee-auth/gauth/pkg/logger/logger.go:71.10,72.46 1 0
github.com/dojima-foundation/tee-auth/gauth/pkg/logger/logger.go:75.2,77.37 2 0
github.com/dojima-foundation/tee-auth/gauth/pkg/logger/logger.go:81.27,88.2 3 0
github.com/dojima-foundation/tee-auth/gauth/pkg/logger/logger.go:91.68,93.27 2 0
github.com/dojima-foundation/tee-auth/gauth/pkg/logger/logger.go:93.27,95.3 1 0
github.com/dojima-foundation/tee-auth/gauth/pkg/logger/logger.go:96.2,96.48 1 0
github.com/dojima-foundation/tee-auth/gauth/pkg/logger/logger.go:100.67,102.2 1 0
github.com/dojima-foundation/tee-auth/gauth/pkg/logger/logger.go:105.47,107.2 1 0
github.com/dojima-foundation/tee-auth/gauth/pkg/logger/logger.go:111.66,113.2 1 0
github.com/dojima-foundation/tee-auth/gauth/pkg/logger/logger.go:115.65,117.2 1 0
github.com/dojima-foundation/tee-auth/gauth/pkg/logger/logger.go:119.65,121.2 1 0
github.com/dojima-foundation/tee-auth/gauth/pkg/logger/logger.go:123.66,125.2 1 0
github.com/dojima-foundation/tee-auth/gauth/pkg/logger/logger.go:129.124,138.2 3 0
github.com/dojima-foundation/tee-auth/gauth/pkg/logger/logger.go:140.113,145.16 2 0
github.com/dojima-foundation/tee-auth/gauth/pkg/logger/logger.go:145.16,147.3 1 0
github.com/dojima-foundation/tee-auth/gauth/pkg/logger/logger.go:148.2,150.16 2 0
github.com/dojima-foundation/tee-auth/gauth/pkg/logger/logger.go:150.16,152.3 1 0
github.com/dojima-foundation/tee-auth/gauth/pkg/logger/logger.go:152.8,154.3 1 0
github.com/dojima-foundation/tee-auth/gauth/pkg/logger/logger.go:159.114,164.16 2 0
github.com/dojima-foundation/tee-auth/gauth/pkg/logger/logger.go:164.16,166.3 1 0
github.com/dojima-foundation/tee-auth/gauth/pkg/logger/logger.go:167.2,169.16 2 0
github.com/dojima-foundation/tee-auth/gauth/pkg/logger/logger.go:169.16,171.3 1 0
github.com/dojima-foundation/tee-auth/gauth/pkg/logger/logger.go:171.8,173.3 1 0
github.com/dojima-foundation/tee-auth/gauth/pkg/logger/logger.go:178.110,186.2 3 0
github.com/dojima-foundation/tee-auth/gauth/pkg/logger/logger.go:188.118,197.13 3 0
github.com/dojima-foundation/tee-auth/gauth/pkg/logger/logger.go:197.13,199.3 1 0
github.com/dojima-foundation/tee-auth/gauth/pkg/logger/logger.go:199.8,201.3 1 0
github.com/dojima-foundation/tee-auth/gauth/pkg/logger/logger.go:204.131,214.13 3 0
github.com/dojima-foundation/tee-auth/gauth/pkg/logger/logger.go:214.13,216.3 1 0
github.com/dojima-foundation/tee-auth/gauth/pkg/logger/logger.go:216.8,218.3 1 0
github.com/dojima-foundation/tee-auth/gauth/pkg/logger/logger.go:223.117,232.2 3 0
github.com/dojima-foundation/tee-auth/gauth/pkg/logger/logger.go:236.93,243.25 3 0
github.com/dojima-foundation/tee-auth/gauth/pkg/logger/logger.go:243.25,245.3 1 0
github.com/dojima-foundation/tee-auth/gauth/pkg/logger/logger.go:245.8,247.3 1 0
github.com/dojima-foundation/tee-auth/gauth/pkg/config/config.go:124.30,126.43 1 0
github.com/dojima-foundation/tee-auth/gauth/pkg/config/config.go:126.43,127.41 1 0
github.com/dojima-foundation/tee-auth/gauth/pkg/config/config.go:127.41,129.4 1 0
github.com/dojima-foundation/tee-auth/gauth/pkg/config/config.go:132.2,212.42 2 0
github.com/dojima-foundation/tee-auth/gauth/pkg/config/config.go:212.42,214.3 1 0
github.com/dojima-foundation/tee-auth/gauth/pkg/config/config.go:216.2,216.20 1 0
github.com/dojima-foundation/tee-auth/gauth/pkg/config/config.go:220.35,221.31 1 0
github.com/dojima-foundation/tee-auth/gauth/pkg/config/config.go:221.31,223.3 1 0
github.com/dojima-foundation/tee-auth/gauth/pkg/config/config.go:224.2,224.31 1 0
github.com/dojima-foundation/tee-auth/gauth/pkg/config/config.go:224.31,226.3 1 0
github.com/dojima-foundation/tee-auth/gauth/pkg/config/config.go:227.2,227.90 1 0
github.com/dojima-foundation/tee-auth/gauth/pkg/config/config.go:227.90,229.3 1 0
github.com/dojima-foundation/tee-auth/gauth/pkg/config/config.go:230.2,230.41 1 0
github.com/dojima-foundation/tee-auth/gauth/pkg/config/config.go:230.41,232.3 1 0
github.com/dojima-foundation/tee-auth/gauth/pkg/config/config.go:233.2,233.12 1 0
github.com/dojima-foundation/tee-auth/gauth/pkg/config/config.go:237.42,246.2 1 0
github.com/dojima-foundation/tee-auth/gauth/pkg/config/config.go:249.40,251.2 1 0
github.com/dojima-foundation/tee-auth/gauth/pkg/config/config.go:254.41,256.2 1 0
github.com/dojima-foundation/tee-auth/gauth/pkg/config/config.go:259.39,261.2 1 0
github.com/dojima-foundation/tee-auth/gauth/pkg/config/config.go:264.43,266.23 2 0
github.com/dojima-foundation/tee-auth/gauth/pkg/config/config.go:266.23,268.3 1 0
github.com/dojima-foundation/tee-auth/gauth/pkg/config/config.go:269.2,269.78 1 0
github.com/dojima-foundation/tee-auth/gauth/pkg/config/config.go:273.46,274.42 1 0
github.com/dojima-foundation/tee-auth/gauth/pkg/config/config.go:274.42,276.3 1 0
github.com/dojima-foundation/tee-auth/gauth/pkg/config/config.go:277.2,277.21 1 0
github.com/dojima-foundation/tee-auth/gauth/pkg/config/config.go:280.50,281.42 1 0
github.com/dojima-foundation/tee-auth/gauth/pkg/config/config.go:281.42,282.55 1 0
github.com/dojima-foundation/tee-auth/gauth/pkg/config/config.go:282.55,284.4 1 0
github.com/dojima-foundation/tee-auth/gauth/pkg/config/config.go:286.2,286.21 1 0
github.com/dojima-foundation/tee-auth/gauth/pkg/config/config.go:289.53,290.42 1 0
github.com/dojima-foundation/tee-auth/gauth/pkg/config/config.go:290.42,291.61 1 0
github.com/dojima-foundation/tee-auth/gauth/pkg/config/config.go:291.61,293.4 1 0
github.com/dojima-foundation/tee-auth/gauth/pkg/config/config.go:295.2,295.21 1 0
github.com/dojima-foundation/tee-auth/gauth/pkg/config/config.go:298.75,299.42 1 0
github.com/dojima-foundation/tee-auth/gauth/pkg/config/config.go:299.42,300.61 1 0
github.com/dojima-foundation/tee-auth/gauth/pkg/config/config.go:300.61,302.4 1 0
github.com/dojima-foundation/tee-auth/gauth/pkg/config/config.go:304.2,304.21 1 0
github.com/dojima-foundation/tee-auth/gauth/pkg/config/config.go:307.68,308.42 1 0
github.com/dojima-foundation/tee-auth/gauth/pkg/config/config.go:308.42,312.3 1 0
github.com/dojima-foundation/tee-auth/gauth/pkg/config/config.go:313.2,313.21 1 0
github.com/dojima-foundation/tee-auth/gauth/internal/models/organization.go:165.49,167.2 1 3
github.com/dojima-foundation/tee-auth/gauth/internal/models/organization.go:170.52,172.2 1 4
github.com/dojima-foundation/tee-auth/gauth/internal/models/organization.go:175.40,177.2 1 1
github.com/dojima-foundation/tee-auth/gauth/internal/models/organization.go:179.32,181.2 1 1
github.com/dojima-foundation/tee-auth/gauth/internal/models/organization.go:183.38,185.2 1 1
github.com/dojima-foundation/tee-auth/gauth/internal/models/organization.go:187.38,189.2 1 1
github.com/dojima-foundation/tee-auth/gauth/internal/models/organization.go:191.34,193.2 1 1
github.com/dojima-foundation/tee-auth/gauth/internal/models/organization.go:195.31,197.2 1 1
github.com/dojima-foundation/tee-auth/gauth/internal/models/organization.go:199.38,201.2 1 1
github.com/dojima-foundation/tee-auth/gauth/internal/models/organization.go:203.34,205.2 1 1
github.com/dojima-foundation/tee-auth/gauth/internal/models/organization.go:207.41,209.2 1 1
github.com/dojima-foundation/tee-auth/gauth/internal/models/organization.go:211.36,213.2 1 1
github.com/dojima-foundation/tee-auth/gauth/internal/models/organization.go:215.33,217.2 1 1
github.com/dojima-foundation/tee-auth/gauth/internal/db/postgres.go:21.69,27.35 3 0
github.com/dojima-foundation/tee-auth/gauth/internal/db/postgres.go:27.35,29.3 1 0
github.com/dojima-foundation/tee-auth/gauth/internal/db/postgres.go:29.8,31.3 1 0
github.com/dojima-foundation/tee-auth/gauth/internal/db/postgres.go:33.2,35.29 1 0
github.com/dojima-foundation/tee-auth/gauth/internal/db/postgres.go:35.29,37.4 1 0
github.com/dojima-foundation/tee-auth/gauth/internal/db/postgres.go:39.2,39.16 1 0
github.com/dojima-foundation/tee-auth/gauth/internal/db/postgres.go:39.16,41.3 1 0
github.com/dojima-foundation/tee-auth/gauth/internal/db/postgres.go:44.2,45.16 2 0
github.com/dojima-foundation/tee-auth/gauth/internal/db/postgres.go:45.16,47.3 1 0
github.com/dojima-foundation/tee-auth/gauth/internal/db/postgres.go:50.2,58.47 6 0
github.com/dojima-foundation/tee-auth/gauth/internal/db/postgres.go:58.47,60.3 1 0
github.com/dojima-foundation/tee-auth/gauth/internal/db/postgres.go:62.2,65.8 1 0
github.com/dojima-foundation/tee-auth/gauth/internal/db/postgres.go:69.39,71.2 1 0
github.com/dojima-foundation/tee-auth/gauth/internal/db/postgres.go:74.36,76.16 2 0
github.com/dojima-foundation/tee-auth/gauth/internal/db/postgres.go:76.16,78.3 1 0
github.com/dojima-foundation/tee-auth/gauth/internal/db/postgres.go:79.2,79.22 1 0
github.com/dojima-foundation/tee-auth/gauth/internal/db/postgres.go:83.56,85.16 2 0
github.com/dojima-foundation/tee-auth/gauth/internal/db/postgres.go:85.16,87.3 1 0
github.com/dojima-foundation/tee-auth/gauth/internal/db/postgres.go:88.2,88.31 1 0
github.com/dojima-foundation/tee-auth/gauth/internal/db/postgres.go:92.56,94.16 2 0
github.com/dojima-foundation/tee-auth/gauth/internal/db/postgres.go:94.16,98.3 1 0
github.com/dojima-foundation/tee-auth/gauth/internal/db/postgres.go:100.2,111.3 2 0
github.com/dojima-foundation/tee-auth/gauth/internal/db/postgres.go:115.65,117.2 1 0
github.com/dojima-foundation/tee-auth/gauth/internal/db/postgres.go:120.60,122.2 1 0
github.com/dojima-foundation/tee-auth/gauth/internal/db/postgres.go:125.38,129.2 1 0
github.com/dojima-foundation/tee-auth/gauth/internal/db/redis.go:19.68,35.47 4 0
github.com/dojima-foundation/tee-auth/gauth/internal/db/redis.go:35.47,37.3 1 0
github.com/dojima-foundation/tee-auth/gauth/internal/db/redis.go:39.2,42.8 1 0
github.com/dojima-foundation/tee-auth/gauth/internal/db/redis.go:46.49,48.2 1 0
github.com/dojima-foundation/tee-auth/gauth/internal/db/redis.go:51.37,53.2 1 0
github.com/dojima-foundation/tee-auth/gauth/internal/db/redis.go:56.57,58.2 1 0
github.com/dojima-foundation/tee-auth/gauth/internal/db/redis.go:61.57,71.2 2 0
github.com/dojima-foundation/tee-auth/gauth/internal/db/redis.go:76.123,78.2 1 0
github.com/dojima-foundation/tee-auth/gauth/internal/db/redis.go:81.89,83.2 1 0
github.com/dojima-foundation/tee-auth/gauth/internal/db/redis.go:86.82,88.2 1 0
github.com/dojima-foundation/tee-auth/gauth/internal/db/redis.go:91.108,93.2 1 0
github.com/dojima-foundation/tee-auth/gauth/internal/db/redis.go:98.111,100.2 1 0
github.com/dojima-foundation/tee-auth/gauth/internal/db/redis.go:103.76,105.2 1 0
github.com/dojima-foundation/tee-auth/gauth/internal/db/redis.go:108.69,110.2 1 0
github.com/dojima-foundation/tee-auth/gauth/internal/db/redis.go:113.77,116.2 2 0
github.com/dojima-foundation/tee-auth/gauth/internal/db/redis.go:119.121,121.2 1 0
github.com/dojima-foundation/tee-auth/gauth/internal/db/redis.go:126.114,131.16 5 0
github.com/dojima-foundation/tee-auth/gauth/internal/db/redis.go:131.16,133.3 1 0
github.com/dojima-foundation/tee-auth/gauth/internal/db/redis.go:134.2,134.24 1 0
github.com/dojima-foundation/tee-auth/gauth/internal/db/redis.go:138.82,140.22 2 0
github.com/dojima-foundation/tee-auth/gauth/internal/db/redis.go:140.22,142.3 1 0
github.com/dojima-foundation/tee-auth/gauth/internal/db/redis.go:143.2,143.20 1 0
github.com/dojima-foundation/tee-auth/gauth/internal/db/redis.go:149.112,151.2 1 0
github.com/dojima-foundation/tee-auth/gauth/internal/db/redis.go:154.78,156.2 1 0
github.com/dojima-foundation/tee-auth/gauth/internal/db/redis.go:159.103,161.2 1 0
github.com/dojima-foundation/tee-auth/gauth/internal/db/redis.go:166.91,168.2 1 0
github.com/dojima-foundation/tee-auth/gauth/internal/db/redis.go:171.77,173.2 1 0
github.com/dojima-foundation/tee-auth/gauth/internal/db/redis.go:176.107,178.2 1 0
github.com/dojima-foundation/tee-auth/gauth/internal/db/redis.go:181.76,183.2 1 0
github.com/dojima-foundation/tee-auth/gauth/internal/db/redis.go:188.90,190.2 1 0
github.com/dojima-foundation/tee-auth/gauth/internal/db/redis.go:193.84,195.2 1 0
github.com/dojima-foundation/tee-auth/gauth/internal/db/redis.go:198.91,200.2 1 0
github.com/dojima-foundation/tee-auth/gauth/internal/db/redis.go:203.85,205.2 1 0
github.com/dojima-foundation/tee-auth/gauth/internal/db/redis.go:210.95,212.2 1 0
github.com/dojima-foundation/tee-auth/gauth/internal/db/redis.go:215.88,217.2 1 0
github.com/dojima-foundation/tee-auth/gauth/internal/db/redis.go:220.89,222.2 1 0
github.com/dojima-foundation/tee-auth/gauth/internal/service/renclave_client.go:19.79,26.2 1 25
github.com/dojima-foundation/tee-auth/gauth/internal/service/renclave_client.go:65.125,72.81 3 5
github.com/dojima-foundation/tee-auth/gauth/internal/service/renclave_client.go:72.81,74.3 1 3
github.com/dojima-foundation/tee-auth/gauth/internal/service/renclave_client.go:76.2,76.19 1 2
github.com/dojima-foundation/tee-auth/gauth/internal/service/renclave_client.go:80.110,86.81 3 5
github.com/dojima-foundation/tee-auth/gauth/internal/service/renclave_client.go:86.81,88.3 1 3
github.com/dojima-foundation/tee-auth/gauth/internal/service/renclave_client.go:90.2,90.19 1 2
github.com/dojima-foundation/tee-auth/gauth/internal/service/renclave_client.go:94.78,96.71 2 5
github.com/dojima-foundation/tee-auth/gauth/internal/service/renclave_client.go:96.71,98.3 1 3
github.com/dojima-foundation/tee-auth/gauth/internal/service/renclave_client.go:100.2,100.19 1 2
github.com/dojima-foundation/tee-auth/gauth/internal/service/renclave_client.go:104.60,106.73 2 18
github.com/dojima-foundation/tee-auth/gauth/internal/service/renclave_client.go:106.73,108.3 1 4
github.com/dojima-foundation/tee-auth/gauth/internal/service/renclave_client.go:110.2,110.53 1 14
github.com/dojima-foundation/tee-auth/gauth/internal/service/renclave_client.go:110.53,112.3 1 2
github.com/dojima-foundation/tee-auth/gauth/internal/service/renclave_client.go:114.2,114.12 1 12
github.com/dojima-foundation/tee-auth/gauth/internal/service/renclave_client.go:118.129,122.20 3 33
github.com/dojima-foundation/tee-auth/gauth/internal/service/renclave_client.go:122.20,124.17 2 10
github.com/dojima-foundation/tee-auth/gauth/internal/service/renclave_client.go:124.17,126.4 1 0
github.com/dojima-foundation/tee-auth/gauth/internal/service/renclave_client.go:127.3,127.35 1 10
github.com/dojima-foundation/tee-auth/gauth/internal/service/renclave_client.go:130.2,132.17 3 33
github.com/dojima-foundation/tee-auth/gauth/internal/service/renclave_client.go:132.17,134.3 1 10
github.com/dojima-foundation/tee-auth/gauth/internal/service/renclave_client.go:134.8,136.3 1 23
github.com/dojima-foundation/tee-auth/gauth/internal/service/renclave_client.go:137.2,137.16 1 33
github.com/dojima-foundation/tee-auth/gauth/internal/service/renclave_client.go:137.16,139.3 1 0
github.com/dojima-foundation/tee-auth/gauth/internal/service/renclave_client.go:141.2,141.17 1 33
github.com/dojima-foundation/tee-auth/gauth/internal/service/renclave_client.go:141.17,143.3 1 10
github.com/dojima-foundation/tee-auth/gauth/internal/service/renclave_client.go:144.2,147.16 3 33
github.com/dojima-foundation/tee-auth/gauth/internal/service/renclave_client.go:147.16,149.3 1 6
github.com/dojima-foundation/tee-auth/gauth/internal/service/renclave_client.go:150.2,152.53 2 27
github.com/dojima-foundation/tee-auth/gauth/internal/service/renclave_client.go:152.53,154.3 1 6
github.com/dojima-foundation/tee-auth/gauth/internal/service/renclave_client.go:156.2,156.21 1 21
github.com/dojima-foundation/tee-auth/gauth/internal/service/renclave_client.go:156.21,157.69 1 21
github.com/dojima-foundation/tee-auth/gauth/internal/service/renclave_client.go:157.69,159.4 1 1
github.com/dojima-foundation/tee-auth/gauth/internal/service/renclave_client.go:162.2,162.12 1 20
github.com/dojima-foundation/tee-auth/gauth/internal/service/service.go:31.17,41.2 2 0
github.com/dojima-foundation/tee-auth/gauth/internal/service/service.go:45.147,67.50 4 0
github.com/dojima-foundation/tee-auth/gauth/internal/service/service.go:67.50,69.46 1 0
github.com/dojima-foundation/tee-auth/gauth/internal/service/service.go:69.46,71.4 1 0
github.com/dojima-foundation/tee-auth/gauth/internal/service/service.go:74.3,74.55 1 0
github.com/dojima-foundation/tee-auth/gauth/internal/service/service.go:74.55,76.4 1 0
github.com/dojima-foundation/tee-auth/gauth/internal/service/service.go:79.3,82.24 1 0
github.com/dojima-foundation/tee-auth/gauth/internal/service/service.go:82.24,84.4 1 0
github.com/dojima-foundation/tee-auth/gauth/internal/service/service.go:86.3,86.13 1 0
github.com/dojima-foundation/tee-auth/gauth/internal/service/service.go:89.2,89.16 1 0
github.com/dojima-foundation/tee-auth/gauth/internal/service/service.go:89.16,92.3 2 0
github.com/dojima-foundation/tee-auth/gauth/internal/service/service.go:94.2,95.17 2 0
github.com/dojima-foundation/tee-auth/gauth/internal/service/service.go:98.102,100.16 2 0
github.com/dojima-foundation/tee-auth/gauth/internal/service/service.go:100.16,102.3 1 0
github.com/dojima-foundation/tee-auth/gauth/internal/service/service.go:104.2,112.50 2 0
github.com/dojima-foundation/tee-auth/gauth/internal/service/service.go:112.50,113.36 1 0
github.com/dojima-foundation/tee-auth/gauth/internal/service/service.go:113.36,115.4 1 0
github.com/dojima-foundation/tee-auth/gauth/internal/service/service.go:116.3,116.64 1 0
github.com/dojima-foundation/tee-auth/gauth/internal/service/service.go:119.2,119.18 1 0
github.com/dojima-foundation/tee-auth/gauth/internal/service/service.go:122.119,124.16 2 0
github.com/dojima-foundation/tee-auth/gauth/internal/service/service.go:124.16,126.3 1 0
github.com/dojima-foundation/tee-auth/gauth/internal/service/service.go:128.2,129.89 2 0
github.com/dojima-foundation/tee-auth/gauth/internal/service/service.go:129.89,130.36 1 0
github.com/dojima-foundation/tee-auth/gauth/internal/service/service.go:130.36,132.4 1 0
github.com/dojima-foundation/tee-auth/gauth/internal/service/service.go:133.3,133.64 1 0
github.com/dojima-foundation/tee-auth/gauth/internal/service/service.go:136.2,136.17 1 0
github.com/dojima-foundation/tee-auth/gauth/internal/service/service.go:136.17,138.3 1 0
github.com/dojima-foundation/tee-auth/gauth/internal/service/service.go:140.2,140.71 1 0
github.com/dojima-foundation/tee-auth/gauth/internal/service/service.go:140.71,142.3 1 0
github.com/dojima-foundation/tee-auth/gauth/internal/service/service.go:144.2,144.18 1 0
github.com/dojima-foundation/tee-auth/gauth/internal/service/service.go:147.134,148.19 1 0
github.com/dojima-foundation/tee-auth/gauth/internal/service/service.go:148.19,150.3 1 0
github.com/dojima-foundation/tee-auth/gauth/internal/service/service.go:151.2,151.20 1 0
github.com/dojima-foundation/tee-auth/gauth/internal/service/service.go:151.20,153.3 1 0
github.com/dojima-foundation/tee-auth/gauth/internal/service/service.go:155.2,158.21 3 0
github.com/dojima-foundation/tee-auth/gauth/internal/service/service.go:158.21,160.56 1 0
github.com/dojima-foundation/tee-auth/gauth/internal/service/service.go:160.56,162.4 1 0
github.com/dojima-foundation/tee-auth/gauth/internal/service/service.go:165.2,165.48 1 0
github.com/dojima-foundation/tee-auth/gauth/internal/service/service.go:165.48,167.3 1 0
github.com/dojima-foundation/tee-auth/gauth/internal/service/service.go:169.2,170.26 2 0
github.com/dojima-foundation/tee-auth/gauth/internal/service/service.go:170.26,173.3 2 0
github.com/dojima-foundation/tee-auth/gauth/internal/service/service.go:175.2,175.29 1 0
github.com/dojima-foundation/tee-auth/gauth/internal/service/service.go:180.144,182.16 2 0
github.com/dojima-foundation/tee-auth/gauth/internal/service/service.go:182.16,184.3 1 0
github.com/dojima-foundation/tee-auth/gauth/internal/service/service.go:186.2,196.73 2 0
github.com/dojima-foundation/tee-auth/gauth/internal/service/service.go:196.73,198.3 1 0
github.com/dojima-foundation/tee-auth/gauth/internal/service/service.go:200.2,201.18 2 0
github.com/dojima-foundation/tee-auth/gauth/internal/service/service.go:204.86,206.16 2 0
github.com/dojima-foundation/tee-auth/gauth/internal/service/service.go:206.16,208.3 1 0
github.com/dojima-foundation/tee-auth/gauth/internal/service/service.go:210.2,213.52 2 0
github.com/dojima-foundation/tee-auth/gauth/internal/service/service.go:213.52,214.36 1 0
github.com/dojima-foundation/tee-auth/gauth/internal/service/service.go:214.36,216.4 1 0
github.com/dojima-foundation/tee-auth/gauth/internal/service/service.go:217.3,217.56 1 0
github.com/dojima-foundation/tee-auth/gauth/internal/service/service.go:220.2,220.19 1 0
github.com/dojima-foundation/tee-auth/gauth/internal/service/service.go:223.145,225.16 2 0
github.com/dojima-foundation/tee-auth/gauth/internal/service/service.go:225.16,227.3 1 0
github.com/dojima-foundation/tee-auth/gauth/internal/service/service.go:229.2,230.91 2 0
github.com/dojima-foundation/tee-auth/gauth/internal/service/service.go:230.91,231.36 1 0
github.com/dojima-foundation/tee-auth/gauth/internal/service/service.go:231.36,233.4 1 0
github.com/dojima-foundation/tee-auth/gauth/internal/service/service.go:234.3,234.56 1 0
github.com/dojima-foundation/tee-auth/gauth/internal/service/service.go:237.2,237.21 1 0
github.com/dojima-foundation/tee-auth/gauth/internal/service/service.go:237.21,239.3 1 0
github.com/dojima-foundation/tee-auth/gauth/internal/service/service.go:240.2,240.18 1 0
github.com/dojima-foundation/tee-auth/gauth/internal/service/service.go:240.18,242.3 1 0
github.com/dojima-foundation/tee-auth/gauth/internal/service/service.go:243.2,243.17 1 0
github.com/dojima-foundation/tee-auth/gauth/internal/service/service.go:243.17,245.3 1 0
github.com/dojima-foundation/tee-auth/gauth/internal/service/service.go:246.2,246.21 1 0
github.com/dojima-foundation/tee-auth/gauth/internal/service/service.go:246.21,248.3 1 0
github.com/dojima-foundation/tee-auth/gauth/internal/service/service.go:250.2,250.72 1 0
github.com/dojima-foundation/tee-auth/gauth/internal/service/service.go:250.72,252.3 1 0
github.com/dojima-foundation/tee-auth/gauth/internal/service/service.go:254.2,254.19 1 0
github.com/dojima-foundation/tee-auth/gauth/internal/service/service.go:257.141,259.16 2 0
github.com/dojima-foundation/tee-auth/gauth/internal/service/service.go:259.16,261.3 1 0
github.com/dojima-foundation/tee-auth/gauth/internal/service/service.go:263.2,263.19 1 0
github.com/dojima-foundation/tee-auth/gauth/internal/service/service.go:263.19,265.3 1 0
github.com/dojima-foundation/tee-auth/gauth/internal/service/service.go:266.2,266.20 1 0
github.com/dojima-foundation/tee-auth/gauth/internal/service/service.go:266.20,268.3 1 0
github.com/dojima-foundation/tee-auth/gauth/internal/service/service.go:270.2,275.21 3 0
github.com/dojima-foundation/tee-auth/gauth/internal/service/service.go:275.21,276.56 1 0
github.com/dojima-foundation/tee-auth/gauth/internal/service/service.go:276.56,278.4 1 0
github.com/dojima-foundation/tee-auth/gauth/internal/service/service.go:281.2,281.49 1 0
github.com/dojima-foundation/tee-auth/gauth/internal/service/service.go:281.49,283.3 1 0
github.com/dojima-foundation/tee-auth/gauth/internal/service/service.go:285.2,286.27 2 0
github.com/dojima-foundation/tee-auth/gauth/internal/service/service.go:286.27,289.3 2 0
github.com/dojima-foundation/tee-auth/gauth/internal/service/service.go:291.2,291.30 1 0
github.com/dojima-foundation/tee-auth/gauth/internal/service/service.go:296.146,298.16 2 0
github.com/dojima-foundation/tee-auth/gauth/internal/service/service.go:298.16,300.3 1 0
github.com/dojima-foundation/tee-auth/gauth/internal/service/service.go:302.2,303.16 2 0
github.com/dojima-foundation/tee-auth/gauth/internal/service/service.go:303.16,305.3 1 0
github.com/dojima-foundation/tee-auth/gauth/internal/service/service.go:307.2,316.77 2 0
github.com/dojima-foundation/tee-auth/gauth/internal/service/service.go:316.77,318.3 1 0
github.com/dojima-foundation/tee-auth/gauth/internal/service/service.go:320.2,321.22 2 0
github.com/dojima-foundation/tee-auth/gauth/internal/service/service.go:324.94,326.16 2 0
github.com/dojima-foundation/tee-auth/gauth/internal/service/service.go:326.16,328.3 1 0
github.com/dojima-foundation/tee-auth/gauth/internal/service/service.go:330.2,331.99 2 0
github.com/dojima-foundation/tee-auth/gauth/internal/service/service.go:331.99,332.36 1 0
github.com/dojima-foundation/tee-auth/gauth/internal/service/service.go:332.36,334.4 1 0
github.com/dojima-foundation/tee-auth/gauth/internal/service/service.go:335.3,335.60 1 0
github.com/dojima-foundation/tee-auth/gauth/internal/service/service.go:338.2,338.23 1 0
github.com/dojima-foundation/tee-auth/gauth/internal/service/service.go:341.180,343.16 2 0
github.com/dojima-foundation/tee-auth/gauth/internal/service/service.go:343.16,345.3 1 0
github.com/dojima-foundation/tee-auth/gauth/internal/service/service.go:347.2,347.19 1 0
github.com/dojima-foundation/tee-auth/gauth/internal/service/service.go:347.19,349.3 1 0
github.com/dojima-foundation/tee-auth/gauth/internal/service/service.go:350.2,350.20 1 0
github.com/dojima-foundation/tee-auth/gauth/internal/service/service.go:350.20,352.3 1 0
github.com/dojima-foundation/tee-auth/gauth/internal/service/service.go:354.2,358.25 2 0
github.com/dojima-foundation/tee-auth/gauth/internal/service/service.go:358.25,360.3 1 0
github.com/dojima-foundation/tee-auth/gauth/internal/service/service.go:361.2,361.19 1 0
github.com/dojima-foundation/tee-auth/gauth/internal/service/service.go:361.19,363.3 1 0
github.com/dojima-foundation/tee-auth/gauth/internal/service/service.go:365.2,365.21 1 0
github.com/dojima-foundation/tee-auth/gauth/internal/service/service.go:365.21,366.56 1 0
github.com/dojima-foundation/tee-auth/gauth/internal/service/service.go:366.56,368.4 1 0
github.com/dojima-foundation/tee-auth/gauth/internal/service/service.go:371.2,372.54 2 0
github.com/dojima-foundation/tee-auth/gauth/internal/service/service.go:372.54,374.3 1 0
github.com/dojima-foundation/tee-auth/gauth/internal/service/service.go:376.2,377.32 2 0
github.com/dojima-foundation/tee-auth/gauth/internal/service/service.go:377.32,380.3 2 0
github.com/dojima-foundation/tee-auth/gauth/internal/service/service.go:382.2,382.35 1 0
github.com/dojima-foundation/tee-auth/gauth/internal/service/service.go:443.165,451.16 3 1
github.com/dojima-foundation/tee-auth/gauth/internal/service/service.go:451.16,454.3 2 1
github.com/dojima-foundation/tee-auth/gauth/internal/service/service.go:457.2,468.8 2 0
github.com/dojima-foundation/tee-auth/gauth/internal/service/service.go:471.110,473.16 2 1
github.com/dojima-foundation/tee-auth/gauth/internal/service/service.go:473.16,476.3 2 1
github.com/dojima-foundation/tee-auth/gauth/internal/service/service.go:478.2,483.8 1 0
github.com/dojima-foundation/tee-auth/gauth/internal/service/service.go:486.90,488.16 2 1
github.com/dojima-foundation/tee-auth/gauth/internal/service/service.go:488.16,491.3 2 1
github.com/dojima-foundation/tee-auth/gauth/internal/service/service.go:493.2,498.8 1 0
github.com/dojima-foundation/tee-auth/gauth/internal/service/service.go:503.158,511.16 2 0
github.com/dojima-foundation/tee-auth/gauth/internal/service/service.go:511.16,513.3 1 0
github.com/dojima-foundation/tee-auth/gauth/internal/service/service.go:515.2,519.100 3 0
github.com/dojima-foundation/tee-auth/gauth/internal/service/service.go:519.100,522.3 2 0
github.com/dojima-foundation/tee-auth/gauth/internal/service/service.go:524.2,531.8 2 0
github.com/dojima-foundation/tee-auth/gauth/internal/service/service.go:534.134,542.16 2 0
github.com/dojima-foundation/tee-auth/gauth/internal/service/service.go:542.16,547.3 1 0
github.com/dojima-foundation/tee-auth/gauth/internal/service/service.go:550.2,555.8 2 0
github.com/dojima-foundation/tee-auth/gauth/internal/service/service.go:560.84,564.41 2 0
github.com/dojima-foundation/tee-auth/gauth/internal/service/service.go:564.41,571.3 2 0
github.com/dojima-foundation/tee-auth/gauth/internal/service/service.go:571.8,576.3 1 0
github.com/dojima-foundation/tee-auth/gauth/internal/service/service.go:579.2,579.44 1 0
github.com/dojima-foundation/tee-auth/gauth/internal/service/service.go:579.44,586.3 2 0
github.com/dojima-foundation/tee-auth/gauth/internal/service/service.go:586.8,591.3 1 0
github.com/dojima-foundation/tee-auth/gauth/internal/service/service.go:594.2,594.47 1 0
github.com/dojima-foundation/tee-auth/gauth/internal/service/service.go:594.47,601.3 2 0
github.com/dojima-foundation/tee-auth/gauth/internal/service/service.go:601.8,606.3 1 0
github.com/dojima-foundation/tee-auth/gauth/internal/service/service.go:609.2,610.31 2 0
github.com/dojima-foundation/tee-auth/gauth/internal/service/service.go:610.31,611.30 1 0
github.com/dojima-foundation/tee-auth/gauth/internal/service/service.go:611.30,613.9 2 0
github.com/dojima-foundation/tee-auth/gauth/internal/service/service.go:617.2,621.8 1 0
github.com/dojima-foundation/tee-auth/gauth/internal/service/service.go:624.77,634.2 1 1
github.com/dojima-foundation/tee-auth/gauth/internal/service/service.go:642.40,644.2 1 0
github.com/dojima-foundation/tee-auth/gauth/pkg/config/config.go:124.30,126.43 1 0
github.com/dojima-foundation/tee-auth/gauth/pkg/config/config.go:126.43,127.41 1 0
github.com/dojima-foundation/tee-auth/gauth/pkg/config/config.go:127.41,129.4 1 0
github.com/dojima-foundation/tee-auth/gauth/pkg/config/config.go:132.2,212.42 2 0
github.com/dojima-foundation/tee-auth/gauth/pkg/config/config.go:212.42,214.3 1 0
github.com/dojima-foundation/tee-auth/gauth/pkg/config/config.go:216.2,216.20 1 0
github.com/dojima-foundation/tee-auth/gauth/pkg/config/config.go:220.35,221.31 1 0
github.com/dojima-foundation/tee-auth/gauth/pkg/config/config.go:221.31,223.3 1 0
github.com/dojima-foundation/tee-auth/gauth/pkg/config/config.go:224.2,224.31 1 0
github.com/dojima-foundation/tee-auth/gauth/pkg/config/config.go:224.31,226.3 1 0
github.com/dojima-foundation/tee-auth/gauth/pkg/config/config.go:227.2,227.90 1 0
github.com/dojima-foundation/tee-auth/gauth/pkg/config/config.go:227.90,229.3 1 0
github.com/dojima-foundation/tee-auth/gauth/pkg/config/config.go:230.2,230.41 1 0
github.com/dojima-foundation/tee-auth/gauth/pkg/config/config.go:230.41,232.3 1 0
github.com/dojima-foundation/tee-auth/gauth/pkg/config/config.go:233.2,233.12 1 0
github.com/dojima-foundation/tee-auth/gauth/pkg/config/config.go:237.42,246.2 1 0
github.com/dojima-foundation/tee-auth/gauth/pkg/config/config.go:249.40,251.2 1 0
github.com/dojima-foundation/tee-auth/gauth/pkg/config/config.go:254.41,256.2 1 0
github.com/dojima-foundation/tee-auth/gauth/pkg/config/config.go:259.39,261.2 1 0
github.com/dojima-foundation/tee-auth/gauth/pkg/config/config.go:264.43,266.23 2 0
github.com/dojima-foundation/tee-auth/gauth/pkg/config/config.go:266.23,268.3 1 0
github.com/dojima-foundation/tee-auth/gauth/pkg/config/config.go:269.2,269.78 1 0
github.com/dojima-foundation/tee-auth/gauth/pkg/config/config.go:273.46,274.42 1 0
github.com/dojima-foundation/tee-auth/gauth/pkg/config/config.go:274.42,276.3 1 0
github.com/dojima-foundation/tee-auth/gauth/pkg/config/config.go:277.2,277.21 1 0
github.com/dojima-foundation/tee-auth/gauth/pkg/config/config.go:280.50,281.42 1 0
github.com/dojima-foundation/tee-auth/gauth/pkg/config/config.go:281.42,282.55 1 0
github.com/dojima-foundation/tee-auth/gauth/pkg/config/config.go:282.55,284.4 1 0
github.com/dojima-foundation/tee-auth/gauth/pkg/config/config.go:286.2,286.21 1 0
github.com/dojima-foundation/tee-auth/gauth/pkg/config/config.go:289.53,290.42 1 0
github.com/dojima-foundation/tee-auth/gauth/pkg/config/config.go:290.42,291.61 1 0
github.com/dojima-foundation/tee-auth/gauth/pkg/config/config.go:291.61,293.4 1 0
github.com/dojima-foundation/tee-auth/gauth/pkg/config/config.go:295.2,295.21 1 0
github.com/dojima-foundation/tee-auth/gauth/pkg/config/config.go:298.75,299.42 1 0
github.com/dojima-foundation/tee-auth/gauth/pkg/config/config.go:299.42,300.61 1 0
github.com/dojima-foundation/tee-auth/gauth/pkg/config/config.go:300.61,302.4 1 0
github.com/dojima-foundation/tee-auth/gauth/pkg/config/config.go:304.2,304.21 1 0
github.com/dojima-foundation/tee-auth/gauth/pkg/config/config.go:307.68,308.42 1 0
github.com/dojima-foundation/tee-auth/gauth/pkg/config/config.go:308.42,312.3 1 0
github.com/dojima-foundation/tee-auth/gauth/pkg/config/config.go:313.2,313.21 1 0
github.com/dojima-foundation/tee-auth/gauth/pkg/logger/logger.go:19.54,21.19 2 0
github.com/dojima-foundation/tee-auth/gauth/pkg/logger/logger.go:22.15,23.26 1 0
github.com/dojima-foundation/tee-auth/gauth/pkg/logger/logger.go:24.14,25.25 1 0
github.com/dojima-foundation/tee-auth/gauth/pkg/logger/logger.go:26.25,27.25 1 0
github.com/dojima-foundation/tee-auth/gauth/pkg/logger/logger.go:28.15,29.26 1 0
github.com/dojima-foundation/tee-auth/gauth/pkg/logger/logger.go:30.10,31.25 1 0
github.com/dojima-foundation/tee-auth/gauth/pkg/logger/logger.go:34.2,35.20 2 0
github.com/dojima-foundation/tee-auth/gauth/pkg/logger/logger.go:36.16,37.21 1 0
github.com/dojima-foundation/tee-auth/gauth/pkg/logger/logger.go:38.16,39.21 1 0
github.com/dojima-foundation/tee-auth/gauth/pkg/logger/logger.go:40.14,41.25 1 0
github.com/dojima-foundation/tee-auth/gauth/pkg/logger/logger.go:41.25,43.4 1 0
github.com/dojima-foundation/tee-auth/gauth/pkg/logger/logger.go:44.3,45.17 2 0
github.com/dojima-foundation/tee-auth/gauth/pkg/logger/logger.go:45.17,47.4 1 0
github.com/dojima-foundation/tee-auth/gauth/pkg/logger/logger.go:48.3,48.16 1 0
github.com/dojima-foundation/tee-auth/gauth/pkg/logger/logger.go:49.10,50.21 1 0
github.com/dojima-foundation/tee-auth/gauth/pkg/logger/logger.go:53.2,57.61 2 0
github.com/dojima-foundation/tee-auth/gauth/pkg/logger/logger.go:57.61,59.29 1 0
github.com/dojima-foundation/tee-auth/gauth/pkg/logger/logger.go:59.29,61.5 1 0
github.com/dojima-foundation/tee-auth/gauth/pkg/logger/logger.go:62.4,62.12 1 0
github.com/dojima-foundation/tee-auth/gauth/pkg/logger/logger.go:66.2,66.20 1 0
github.com/dojima-foundation/tee-auth/gauth/pkg/logger/logger.go:67.14,68.46 1 0
github.com/dojima-foundation/tee-auth/gauth/pkg/logger/logger.go:69.14,70.46 1 0
github.com/dojima-foundation/tee-auth/gauth/pkg/logger/logger.go:71.10,72.46 1 0
github.com/dojima-foundation/tee-auth/gauth/pkg/logger/logger.go:75.2,77.37 2 0
github.com/dojima-foundation/tee-auth/gauth/pkg/logger/logger.go:81.27,88.2 3 4
github.com/dojima-foundation/tee-auth/gauth/pkg/logger/logger.go:91.68,93.27 2 0
github.com/dojima-foundation/tee-auth/gauth/pkg/logger/logger.go:93.27,95.3 1 0
github.com/dojima-foundation/tee-auth/gauth/pkg/logger/logger.go:96.2,96.48 1 0
github.com/dojima-foundation/tee-auth/gauth/pkg/logger/logger.go:100.67,102.2 1 0
github.com/dojima-foundation/tee-auth/gauth/pkg/logger/logger.go:105.47,107.2 1 0
github.com/dojima-foundation/tee-auth/gauth/pkg/logger/logger.go:111.66,113.2 1 0
github.com/dojima-foundation/tee-auth/gauth/pkg/logger/logger.go:115.65,117.2 1 1
github.com/dojima-foundation/tee-auth/gauth/pkg/logger/logger.go:119.65,121.2 1 0
github.com/dojima-foundation/tee-auth/gauth/pkg/logger/logger.go:123.66,125.2 1 3
github.com/dojima-foundation/tee-auth/gauth/pkg/logger/logger.go:129.124,138.2 3 0
github.com/dojima-foundation/tee-auth/gauth/pkg/logger/logger.go:140.113,145.16 2 0
github.com/dojima-foundation/tee-auth/gauth/pkg/logger/logger.go:145.16,147.3 1 0
github.com/dojima-foundation/tee-auth/gauth/pkg/logger/logger.go:148.2,150.16 2 0
github.com/dojima-foundation/tee-auth/gauth/pkg/logger/logger.go:150.16,152.3 1 0
github.com/dojima-foundation/tee-auth/gauth/pkg/logger/logger.go:152.8,154.3 1 0
github.com/dojima-foundation/tee-auth/gauth/pkg/logger/logger.go:159.114,164.16 2 0
github.com/dojima-foundation/tee-auth/gauth/pkg/logger/logger.go:164.16,166.3 1 0
github.com/dojima-foundation/tee-auth/gauth/pkg/logger/logger.go:167.2,169.16 2 0
github.com/dojima-foundation/tee-auth/gauth/pkg/logger/logger.go:169.16,171.3 1 0
github.com/dojima-foundation/tee-auth/gauth/pkg/logger/logger.go:171.8,173.3 1 0
github.com/dojima-foundation/tee-auth/gauth/pkg/logger/logger.go:178.110,186.2 3 0
github.com/dojima-foundation/tee-auth/gauth/pkg/logger/logger.go:188.118,197.13 3 0
github.com/dojima-foundation/tee-auth/gauth/pkg/logger/logger.go:197.13,199.3 1 0
github.com/dojima-foundation/tee-auth/gauth/pkg/logger/logger.go:199.8,201.3 1 0
github.com/dojima-foundation/tee-auth/gauth/pkg/logger/logger.go:204.131,214.13 3 0
github.com/dojima-foundation/tee-auth/gauth/pkg/logger/logger.go:214.13,216.3 1 0
github.com/dojima-foundation/tee-auth/gauth/pkg/logger/logger.go:216.8,218.3 1 0
github.com/dojima-foundation/tee-auth/gauth/pkg/logger/logger.go:223.117,232.2 3 0
github.com/dojima-foundation/tee-auth/gauth/pkg/logger/logger.go:236.93,243.25 3 0
github.com/dojima-foundation/tee-auth/gauth/pkg/logger/logger.go:243.25,245.3 1 0
github.com/dojima-foundation/tee-auth/gauth/pkg/logger/logger.go:245.8,247.3 1 0
